<?xml version="1.0" encoding="UTF-8"?>
<testng-results ignored="0" total="1" passed="1" failed="0" skipped="0">
  <reporter-output>
  </reporter-output>
  <suite started-at="2024-07-08T04:27:34 IST" name="Suite" finished-at="2024-07-08T04:27:47 IST" duration-ms="12644">
    <groups>
    </groups>
    <test started-at="2024-07-08T04:27:34 IST" name="Test" finished-at="2024-07-08T04:27:47 IST" duration-ms="12644">
      <class name="com.sauce.tests.LoginTest">
        <test-method is-config="true" signature="setup()[pri:0, instance:com.sauce.tests.LoginTest@1ba9117e]" started-at="2024-07-08T04:27:34 IST" name="setup" finished-at="2024-07-08T04:27:39 IST" duration-ms="4631" status="PASS">
          <reporter-output>
          </reporter-output>
        </test-method> <!-- setup -->
        <test-method signature="testLogin(java.lang.String,java.lang.String,java.lang.String)[pri:0, instance:com.sauce.tests.LoginTest@1ba9117e]" started-at="2024-07-08T04:27:39 IST" name="testLogin" data-provider="loginData" finished-at="2024-07-08T04:27:47 IST" duration-ms="7704" status="PASS">
          <params>
            <param index="0">
              <value>
                <![CDATA[standard_user]]>
              </value>
            </param>
            <param index="1">
              <value>
                <![CDATA[secret_sauce]]>
              </value>
            </param>
            <param index="2">
              <value>
                <![CDATA[Products]]>
              </value>
            </param>
          </params>
          <reporter-output>
          </reporter-output>
        </test-method> <!-- testLogin -->
        <test-method is-config="true" signature="teardown()[pri:0, instance:com.sauce.tests.LoginTest@1ba9117e]" started-at="2024-07-08T04:27:47 IST" name="teardown" finished-at="2024-07-08T04:27:47 IST" duration-ms="236" status="PASS">
          <reporter-output>
          </reporter-output>
        </test-method> <!-- teardown -->
      </class> <!-- com.sauce.tests.LoginTest -->
    </test> <!-- Test -->
  </suite> <!-- Suite -->
</testng-results>
