<?xml version="1.0" encoding="UTF-8"?>
<testng-results ignored="0" total="1" passed="1" failed="0" skipped="0">
  <reporter-output>
  </reporter-output>
  <suite started-at="2024-07-07T02:17:25 IST" name="Suite" finished-at="2024-07-07T02:17:31 IST" duration-ms="6790">
    <groups>
    </groups>
    <test started-at="2024-07-07T02:17:25 IST" name="Test" finished-at="2024-07-07T02:17:31 IST" duration-ms="6790">
      <class name="com.sauce.test.SeleniumTest">
        <test-method is-config="true" signature="setUp()[pri:0, instance:com.sauce.test.SeleniumTest@11bd0f3b]" started-at="2024-07-07T02:17:25 IST" name="setUp" finished-at="2024-07-07T02:17:27 IST" duration-ms="2697" status="PASS">
          <reporter-output>
          </reporter-output>
        </test-method> <!-- setUp -->
        <test-method signature="testGoogleTitle()[pri:0, instance:com.sauce.test.SeleniumTest@11bd0f3b]" started-at="2024-07-07T02:17:27 IST" name="testGoogleTitle" finished-at="2024-07-07T02:17:31 IST" duration-ms="3817" status="PASS">
          <reporter-output>
          </reporter-output>
        </test-method> <!-- testGoogleTitle -->
        <test-method is-config="true" signature="tearDown()[pri:0, instance:com.sauce.test.SeleniumTest@11bd0f3b]" started-at="2024-07-07T02:17:31 IST" name="tearDown" finished-at="2024-07-07T02:17:31 IST" duration-ms="249" status="PASS">
          <reporter-output>
          </reporter-output>
        </test-method> <!-- tearDown -->
      </class> <!-- com.sauce.test.SeleniumTest -->
    </test> <!-- Test -->
  </suite> <!-- Suite -->
</testng-results>
