<?xml version="1.0" encoding="UTF-8"?>
<testng-results ignored="0" total="1" passed="1" failed="0" skipped="0">
  <reporter-output>
  </reporter-output>
  <suite started-at="2024-07-08T04:56:08 IST" name="Default suite" finished-at="2024-07-08T04:56:27 IST" duration-ms="18962">
    <groups>
    </groups>
    <test started-at="2024-07-08T04:56:08 IST" name="Default test" finished-at="2024-07-08T04:56:27 IST" duration-ms="18962">
      <class name="com.sauce.tests.LoginTest">
        <test-method is-config="true" signature="setup()[pri:0, instance:com.sauce.tests.LoginTest@45d84a20]" started-at="2024-07-08T04:56:08 IST" name="setup" finished-at="2024-07-08T04:56:19 IST" duration-ms="11106" status="PASS">
          <reporter-output>
          </reporter-output>
        </test-method> <!-- setup -->
        <test-method signature="testLogin(java.lang.String,java.lang.String,java.lang.String)[pri:0, instance:com.sauce.tests.LoginTest@45d84a20]" started-at="2024-07-08T04:56:19 IST" name="testLogin" data-provider="loginData" finished-at="2024-07-08T04:56:26 IST" duration-ms="6627" status="PASS">
          <params>
            <param index="0">
              <value>
                <![CDATA[standard_user]]>
              </value>
            </param>
            <param index="1">
              <value>
                <![CDATA[secret_sauce]]>
              </value>
            </param>
            <param index="2">
              <value>
                <![CDATA[Products]]>
              </value>
            </param>
          </params>
          <reporter-output>
          </reporter-output>
        </test-method> <!-- testLogin -->
        <test-method is-config="true" signature="teardown()[pri:0, instance:com.sauce.tests.LoginTest@45d84a20]" started-at="2024-07-08T04:56:26 IST" name="teardown" finished-at="2024-07-08T04:56:27 IST" duration-ms="1162" status="PASS">
          <reporter-output>
          </reporter-output>
        </test-method> <!-- teardown -->
      </class> <!-- com.sauce.tests.LoginTest -->
    </test> <!-- Default test -->
  </suite> <!-- Default suite -->
</testng-results>
