<?xml version="1.0" encoding="UTF-8"?>
<testng-results ignored="0" total="1" passed="1" failed="0" skipped="0">
  <reporter-output>
  </reporter-output>
  <suite started-at="2024-07-05T15:22:37 IST" name="Default suite" finished-at="2024-07-05T15:22:40 IST" duration-ms="3168">
    <groups>
    </groups>
    <test started-at="2024-07-05T15:22:37 IST" name="Default test" finished-at="2024-07-05T15:22:40 IST" duration-ms="3168">
      <class name="com.gmail.test.SeleniumTest">
        <test-method is-config="true" signature="setUp()[pri:0, instance:com.gmail.test.SeleniumTest@3de8f619]" started-at="2024-07-05T15:22:37 IST" name="setUp" finished-at="2024-07-05T15:22:38 IST" duration-ms="1527" status="PASS">
          <reporter-output>
          </reporter-output>
        </test-method> <!-- setUp -->
        <test-method signature="testGoogleTitle()[pri:0, instance:com.gmail.test.SeleniumTest@3de8f619]" started-at="2024-07-05T15:22:38 IST" name="testGoogleTitle" finished-at="2024-07-05T15:22:40 IST" duration-ms="1423" status="PASS">
          <reporter-output>
          </reporter-output>
        </test-method> <!-- testGoogleTitle -->
        <test-method is-config="true" signature="tearDown()[pri:0, instance:com.gmail.test.SeleniumTest@3de8f619]" started-at="2024-07-05T15:22:40 IST" name="tearDown" finished-at="2024-07-05T15:22:40 IST" duration-ms="191" status="PASS">
          <reporter-output>
          </reporter-output>
        </test-method> <!-- tearDown -->
      </class> <!-- com.gmail.test.SeleniumTest -->
    </test> <!-- Default test -->
  </suite> <!-- Default suite -->
</testng-results>
